<?xml version="1.0" encoding="UTF-8"?>
<testsuites name="Sanity Test suite" time="54.253" tests="2" failures="0" errors="0">
   <testsuite name="Sanity Test suite" tests="2" failures="0" errors="0" time="54.253" skipped="0" timestamp="2023-08-16 16:51:10" hostname="krunalb - 192.168.1.4" id="Test Suites/Sanity Test suite">
      <properties>
         <property name="deviceName" value=""/>
         <property name="devicePlatform" value=""/>
         <property name="logFolder" value="/Users/krunalb/Katalon Studio/TestProject/Reports/20230816_165103/Sanity Test suite/20230816_165104"/>
         <property name="logFiles" value="/Users/krunalb/Katalon Studio/TestProject/Reports/20230816_165103/Sanity Test suite/20230816_165104/execution0.log"/>
         <property name="attachments" value=""/>
         <property name="hostName" value="krunalb - 192.168.1.4"/>
         <property name="os" value="Mac OS X 64bit"/>
         <property name="katalonVersion" value="8.6.5.208"/>
         <property name="browser" value="Chrome 115.0.0.0"/>
         <property name="hostAddress" value="192.168.1.4"/>
         <property name="sessionId" value="3a25fd6f3f7bd1e6997998387a9a741a"/>
         <property name="seleniumVersion" value="3.141.59"/>
         <property name="proxyInformation" value="ProxyInformation { proxyOption=NO_PROXY, proxyServerType=HTTP, username=, password=********, proxyServerAddress=, proxyServerPort=0, executionList=&quot;&quot;, isApplyToDesiredCapabilities=true }"/>
         <property name="platform" value="Mac OS X"/>
      </properties>
      <testcase name="Test Cases/Test1" time="23.706" classname="Test Cases/Test1" status="PASSED">
         <system-out><![CDATA[2023-08-16 16:51:11 - [TEST_CASE][PASSED] - Test Cases/Test1: Test Cases/Test1

2023-08-16 16:51:11 - [TEST_STEP][PASSED] - openBrowser(""): Browser is opened with url: ''

2023-08-16 16:51:11 - [MESSAGE][INFO] - Starting 'Chrome' driver

2023-08-16 16:51:11 - [MESSAGE][INFO] - Action delay is set to 0 milliseconds

2023-08-16 16:51:15 - [MESSAGE][PASSED] - Browser is opened with url: ''

2023-08-16 16:51:15 - [TEST_STEP][PASSED] - navigateToUrl("https://opensource-demo.orangehrmlive.com/web/index.php/auth/login"): Navigate to 'https://opensource-demo.orangehrmlive.com/web/index.php/auth/login' successfully

2023-08-16 16:51:26 - [MESSAGE][PASSED] - Navigate to 'https://opensource-demo.orangehrmlive.com/web/index.php/auth/login' successfully

2023-08-16 16:51:26 - [TEST_STEP][PASSED] - click(findTestObject("Object Repository/Page_OrangeHRM/input_Username_username")): Object: 'Object Repository/Page_OrangeHRM/input_Username_username' is clicked on

2023-08-16 16:51:28 - [MESSAGE][PASSED] - Object: 'Object Repository/Page_OrangeHRM/input_Username_username' is clicked on

2023-08-16 16:51:28 - [TEST_STEP][PASSED] - setText(findTestObject("Object Repository/Page_OrangeHRM/input_Username_username"), "Admin"): Text 'Admin' is set on object 'Object Repository/Page_OrangeHRM/input_Username_username'

2023-08-16 16:51:29 - [MESSAGE][PASSED] - Text 'Admin' is set on object 'Object Repository/Page_OrangeHRM/input_Username_username'

2023-08-16 16:51:29 - [TEST_STEP][PASSED] - setEncryptedText(findTestObject("Object Repository/Page_OrangeHRM/input_Password_password"), "hUKwJTbofgPU9eVlw/CnDQ=="): Text ****** has been set on object 'Object Repository/Page_OrangeHRM/input_Password_password'

2023-08-16 16:51:29 - [MESSAGE][PASSED] - Text ****** has been set on object 'Object Repository/Page_OrangeHRM/input_Password_password'

2023-08-16 16:51:29 - [TEST_STEP][PASSED] - click(findTestObject("Object Repository/Page_OrangeHRM/button_Login")): Object: 'Object Repository/Page_OrangeHRM/button_Login' is clicked on

2023-08-16 16:51:31 - [MESSAGE][PASSED] - Object: 'Object Repository/Page_OrangeHRM/button_Login' is clicked on

2023-08-16 16:51:31 - [TEST_STEP][PASSED] - click(findTestObject("Object Repository/Page_OrangeHRM/i_Dashboard_oxd-icon bi-caret-down-fill oxd_d2fd49")): Object: 'Object Repository/Page_OrangeHRM/i_Dashboard_oxd-icon bi-caret-down-fill oxd_d2fd49' is clicked on

2023-08-16 16:51:33 - [MESSAGE][PASSED] - Object: 'Object Repository/Page_OrangeHRM/i_Dashboard_oxd-icon bi-caret-down-fill oxd_d2fd49' is clicked on

2023-08-16 16:51:33 - [TEST_STEP][PASSED] - click(findTestObject("Object Repository/Page_OrangeHRM/a_Logout")): Object: 'Object Repository/Page_OrangeHRM/a_Logout' is clicked on

2023-08-16 16:51:34 - [MESSAGE][PASSED] - Object: 'Object Repository/Page_OrangeHRM/a_Logout' is clicked on

2023-08-16 16:51:34 - [TEST_STEP][PASSED] - closeBrowser(): Browser is closed

2023-08-16 16:51:34 - [MESSAGE][PASSED] - Browser is closed]]></system-out>
         <system-err><![CDATA[]]></system-err>
      </testcase>
      <testcase name="Test Cases/Test4" time="30.231" classname="Test Cases/Test4" status="PASSED">
         <system-out><![CDATA[2023-08-16 16:51:34 - [TEST_CASE][PASSED] - Test Cases/Test4: Test Cases/Test4

2023-08-16 16:51:35 - [TEST_STEP][PASSED] - openBrowser("https://opensource-demo.orangehrmlive.com/web/index.php/auth/login"): Browser is opened with url: 'https://opensource-demo.orangehrmlive.com/web/index.php/auth/login'

2023-08-16 16:51:35 - [MESSAGE][INFO] - Starting 'Chrome' driver

2023-08-16 16:51:35 - [MESSAGE][INFO] - Action delay is set to 0 milliseconds

2023-08-16 16:51:48 - [MESSAGE][PASSED] - Browser is opened with url: 'https://opensource-demo.orangehrmlive.com/web/index.php/auth/login'

2023-08-16 16:51:48 - [TEST_STEP][PASSED] - setText(findTestObject("Object Repository/Page_OrangeHRM/input_Username_username"), "Admin"): Text 'Admin' is set on object 'Object Repository/Page_OrangeHRM/input_Username_username'

2023-08-16 16:51:50 - [MESSAGE][PASSED] - Text 'Admin' is set on object 'Object Repository/Page_OrangeHRM/input_Username_username'

2023-08-16 16:51:50 - [TEST_STEP][PASSED] - setText(findTestObject("Object Repository/Page_OrangeHRM/input_Password_password"), "admin123"): Text 'admin123' is set on object 'Object Repository/Page_OrangeHRM/input_Password_password'

2023-08-16 16:51:51 - [MESSAGE][PASSED] - Text 'admin123' is set on object 'Object Repository/Page_OrangeHRM/input_Password_password'

2023-08-16 16:51:51 - [TEST_STEP][PASSED] - click(findTestObject("Object Repository/Page_OrangeHRM/button_Login")): Object: 'Object Repository/Page_OrangeHRM/button_Login' is clicked on

2023-08-16 16:51:53 - [MESSAGE][PASSED] - Object: 'Object Repository/Page_OrangeHRM/button_Login' is clicked on

2023-08-16 16:51:53 - [TEST_STEP][PASSED] - click(findTestObject("Object Repository/Page_OrangeHRM/span_Admin")): Object: 'Object Repository/Page_OrangeHRM/span_Admin' is clicked on

2023-08-16 16:51:56 - [MESSAGE][PASSED] - Object: 'Object Repository/Page_OrangeHRM/span_Admin' is clicked on

2023-08-16 16:51:56 - [TEST_STEP][PASSED] - click(findTestObject("Object Repository/Page_OrangeHRM/button_Add")): Object: 'Object Repository/Page_OrangeHRM/button_Add' is clicked on

2023-08-16 16:51:57 - [MESSAGE][PASSED] - Object: 'Object Repository/Page_OrangeHRM/button_Add' is clicked on

2023-08-16 16:51:57 - [TEST_STEP][PASSED] - click(findTestObject("Object Repository/AddUser/Page_OrangeHRM/Select_UserRole")): Object: 'Object Repository/AddUser/Page_OrangeHRM/Select_UserRole' is clicked on

2023-08-16 16:51:58 - [MESSAGE][PASSED] - Object: 'Object Repository/AddUser/Page_OrangeHRM/Select_UserRole' is clicked on

2023-08-16 16:51:58 - [TEST_STEP][PASSED] - click(findTestObject("Object Repository/AddUser/Page_OrangeHRM/div_Admin")): Object: 'Object Repository/AddUser/Page_OrangeHRM/div_Admin' is clicked on

2023-08-16 16:51:59 - [MESSAGE][PASSED] - Object: 'Object Repository/AddUser/Page_OrangeHRM/div_Admin' is clicked on

2023-08-16 16:51:59 - [TEST_STEP][PASSED] - setText(findTestObject("Object Repository/Page_OrangeHRM/empNameTextBox"), "Orange  Test"): Text 'Orange  Test' is set on object 'Object Repository/Page_OrangeHRM/empNameTextBox'

2023-08-16 16:52:00 - [MESSAGE][PASSED] - Text 'Orange  Test' is set on object 'Object Repository/Page_OrangeHRM/empNameTextBox'

2023-08-16 16:52:00 - [TEST_STEP][PASSED] - click(findTestObject("Object Repository/AddUser/Page_OrangeHRM/Select_Status")): Object: 'Object Repository/AddUser/Page_OrangeHRM/Select_Status' is clicked on

2023-08-16 16:52:00 - [MESSAGE][PASSED] - Object: 'Object Repository/AddUser/Page_OrangeHRM/Select_Status' is clicked on

2023-08-16 16:52:00 - [TEST_STEP][PASSED] - click(findTestObject("Object Repository/AddUser/Page_OrangeHRM/div_Enabled")): Object: 'Object Repository/AddUser/Page_OrangeHRM/div_Enabled' is clicked on

2023-08-16 16:52:01 - [MESSAGE][PASSED] - Object: 'Object Repository/AddUser/Page_OrangeHRM/div_Enabled' is clicked on

2023-08-16 16:52:01 - [TEST_STEP][PASSED] - setText(findTestObject("Object Repository/Page_OrangeHRM/userNameTextBox"), "paule1"): Text 'paule1' is set on object 'Object Repository/Page_OrangeHRM/userNameTextBox'

2023-08-16 16:52:01 - [MESSAGE][PASSED] - Text 'paule1' is set on object 'Object Repository/Page_OrangeHRM/userNameTextBox'

2023-08-16 16:52:01 - [TEST_STEP][PASSED] - setText(findTestObject("Object Repository/Page_OrangeHRM/password_TextBox"), "Test123"): Text 'Test123' is set on object 'Object Repository/Page_OrangeHRM/password_TextBox'

2023-08-16 16:52:03 - [MESSAGE][PASSED] - Text 'Test123' is set on object 'Object Repository/Page_OrangeHRM/password_TextBox'

2023-08-16 16:52:03 - [TEST_STEP][PASSED] - setText(findTestObject("Object Repository/Page_OrangeHRM/confirmPasswordTextBox"), "Test123"): Text 'Test123' is set on object 'Object Repository/Page_OrangeHRM/confirmPasswordTextBox'

2023-08-16 16:52:03 - [MESSAGE][PASSED] - Text 'Test123' is set on object 'Object Repository/Page_OrangeHRM/confirmPasswordTextBox'

2023-08-16 16:52:03 - [TEST_STEP][PASSED] - click(findTestObject("Object Repository/Page_OrangeHRM/button_Save")): Object: 'Object Repository/Page_OrangeHRM/button_Save' is clicked on

2023-08-16 16:52:04 - [MESSAGE][PASSED] - Object: 'Object Repository/Page_OrangeHRM/button_Save' is clicked on

2023-08-16 16:52:04 - [TEST_STEP][PASSED] - verifyElementPresent(findTestObject("Object Repository/AddUser/Page_OrangeHRM/span_Invalid"), 4): Object 'Object Repository/AddUser/Page_OrangeHRM/span_Invalid' is present

2023-08-16 16:52:05 - [MESSAGE][PASSED] - Object 'Object Repository/AddUser/Page_OrangeHRM/span_Invalid' is present]]></system-out>
         <system-err><![CDATA[]]></system-err>
      </testcase>
      <system-out><![CDATA[2023-08-16 16:51:10 - [TEST_SUITE][PASSED] - Sanity Test suite: Test Cases/Test4]]></system-out>
      <system-err><![CDATA[]]></system-err>
   </testsuite>
</testsuites>
